  main.cpp
C:\Users\16eru\Documents\Projects\School\EPICS\Minesweeper\include\Board.hpp(97,20): warning C4018: '<': signed/unsigned mismatch
  (compiling source file 'src/main.cpp')
  
C:\Users\16eru\Documents\Projects\School\EPICS\Minesweeper\include\Board.hpp(98,21): warning C4018: '<': signed/unsigned mismatch
  (compiling source file 'src/main.cpp')
  
C:\Users\16eru\Documents\Projects\School\EPICS\Minesweeper\include\Board.hpp(102,35): warning C4244: 'argument': conversion from 'double' to 'unsigned int', possible loss of data
  (compiling source file 'src/main.cpp')
  
C:\Users\16eru\Documents\Projects\School\EPICS\Minesweeper\include\Board.hpp(125,53): warning C4244: '=': conversion from 'double' to 'T', possible loss of data
C:\Users\16eru\Documents\Projects\School\EPICS\Minesweeper\include\Board.hpp(125,53): warning C4244:         with
C:\Users\16eru\Documents\Projects\School\EPICS\Minesweeper\include\Board.hpp(125,53): warning C4244:         [
C:\Users\16eru\Documents\Projects\School\EPICS\Minesweeper\include\Board.hpp(125,53): warning C4244:             T=float
C:\Users\16eru\Documents\Projects\School\EPICS\Minesweeper\include\Board.hpp(125,53): warning C4244:         ]
  (compiling source file 'src/main.cpp')
  
C:\Users\16eru\Documents\Projects\School\EPICS\Minesweeper\include\Board.hpp(126,53): warning C4244: '=': conversion from 'double' to 'T', possible loss of data
C:\Users\16eru\Documents\Projects\School\EPICS\Minesweeper\include\Board.hpp(126,53): warning C4244:         with
C:\Users\16eru\Documents\Projects\School\EPICS\Minesweeper\include\Board.hpp(126,53): warning C4244:         [
C:\Users\16eru\Documents\Projects\School\EPICS\Minesweeper\include\Board.hpp(126,53): warning C4244:             T=float
C:\Users\16eru\Documents\Projects\School\EPICS\Minesweeper\include\Board.hpp(126,53): warning C4244:         ]
  (compiling source file 'src/main.cpp')
  
C:\Users\16eru\Documents\Projects\School\EPICS\Minesweeper\include\Board.hpp(153,8): warning C4244: 'initializing': conversion from 'float' to 'int', possible loss of data
  (compiling source file 'src/main.cpp')
  
C:\Users\16eru\Documents\Projects\School\EPICS\Minesweeper\include\Board.hpp(153,29): warning C4244: 'initializing': conversion from 'float' to 'int', possible loss of data
  (compiling source file 'src/main.cpp')
  
C:\Users\16eru\Documents\Projects\School\EPICS\Minesweeper\include\Board.hpp(184,8): warning C4244: 'initializing': conversion from 'float' to 'int', possible loss of data
  (compiling source file 'src/main.cpp')
  
C:\Users\16eru\Documents\Projects\School\EPICS\Minesweeper\include\Board.hpp(184,29): warning C4244: 'initializing': conversion from 'float' to 'int', possible loss of data
  (compiling source file 'src/main.cpp')
  
C:\Users\16eru\Documents\Projects\School\EPICS\Minesweeper\include\Board.hpp(215,20): warning C4018: '<': signed/unsigned mismatch
  (compiling source file 'src/main.cpp')
  
C:\Users\16eru\Documents\Projects\School\EPICS\Minesweeper\include\Board.hpp(215,44): warning C4018: '<': signed/unsigned mismatch
  (compiling source file 'src/main.cpp')
  
C:\Users\16eru\Documents\Projects\School\EPICS\Minesweeper\include\Board.hpp(237,20): warning C4018: '<': signed/unsigned mismatch
  (compiling source file 'src/main.cpp')
  
C:\Users\16eru\Documents\Projects\School\EPICS\Minesweeper\include\Board.hpp(237,44): warning C4018: '<': signed/unsigned mismatch
  (compiling source file 'src/main.cpp')
  
C:\Users\16eru\Documents\Projects\School\EPICS\Minesweeper\src\main.cpp(10,12): warning C4244: 'argument': conversion from 'time_t' to 'unsigned int', possible loss of data
  Generating code
  4 of 333 functions ( 1.2%) were compiled, the rest were copied from previous compilation.
    0 functions were new in current compilation
    0 functions had inline decision re-evaluated but remain unchanged
  Finished generating code
  Minesweeper.vcxproj -> C:\Users\16eru\Documents\Projects\School\EPICS\Minesweeper\x64\Release\Minesweeper.exe
  'pwsh.exe' is not recognized as an internal or external command,
  operable program or batch file.
